1499072951110	geckodriver	INFO	Listening on 127.0.0.1:54606
1499072953173	mozprofile::profile	INFO	Using profile path C:\Users\IN02040\AppData\Local\Temp\rust_mozprofile.hj3q1SUwZyr2
1499072953203	geckodriver::marionette	INFO	Starting browser C:\Program Files (x86)\Mozilla Firefox\firefox.exe
1499072953243	geckodriver::marionette	INFO	Connecting to Marionette on localhost:54612
1499072954531	Marionette	WARN	Deprecated preference marionette.defaultPrefs.enabled detected, please use marionette.enabled
1499072957552	Marionette	INFO	Listening on port 54612
1499072958448	Marionette	WARN	TLS certificate errors will be ignored for this session
JavaScript warning: http://appebsqa.test.icd:8005/OA_HTML/cabo/oajsLibs/OAFSlideoutMenu.js, line 151: unreachable code after return statement
1499072980340	Marionette	INFO	Ceased listening
ownloading via XHR, status: 0, reason: error
1499072940953	addons.productaddons	WARN	Failed downloading via XHR, status: 0, reason: error
1499072941432	Marionette	INFO	Ceased listening
1508842801272	geckodriver	INFO	Listening on 127.0.0.1:59306
1508842803502	mozprofile::profile	INFO	Using profile path C:\Users\IN02040\AppData\Local\Temp\rust_mozprofile.iDsO5NXRlY7c
1508842803559	geckodriver::marionette	INFO	Starting browser C:\Program Files\Mozilla Firefox\firefox.exe
1508842803608	geckodriver::marionette	INFO	Connecting to Marionette on localhost:59312
1508842809219	Marionette	WARN	Deprecated preference marionette.defaultPrefs.enabled detected, please use marionette.enabled
1508842833513	Marionette	INFO	Listening on port 59312
1508842835134	Marionette	WARN	TLS certificate errors will be ignored for this session
1508842875258	Marionette	INFO	Ceased listening
1508842881658	geckodriver	INFO	Listening on 127.0.0.1:59391
1508842883693	mozprofile::profile	INFO	Using profile path C:\Users\IN02040\AppData\Local\Temp\rust_mozprofile.n6udKRpJMvaK
1508842883791	geckodriver::marionette	INFO	Starting browser C:\Program Files\Mozilla Firefox\firefox.exe
1508842883919	geckodriver::marionette	INFO	Connecting to Marionette on localhost:59399
1508842887711	Marionette	WARN	Deprecated preference marionette.defaultPrefs.enabled detected, please use marionette.enabled
1508842891305	Marionette	INFO	Listening on port 59399
1508842891867	Marionette	WARN	TLS certificate errors will be ignored for this session
1508842907178	Marionette	INFO	Ceased listening
1508843231361	geckodriver	INFO	Listening on 127.0.0.1:59744
1508843233368	mozprofile::profile	INFO	Using profile path C:\Users\IN02040\AppData\Local\Temp\rust_mozprofile.AAVaxP2IOeVY
1508843233375	geckodriver::marionette	INFO	Starting browser C:\Program Files\Mozilla Firefox\firefox.exe
1508843233410	geckodriver::marionette	INFO	Connecting to Marionette on localhost:59751
1508843234888	Marionette	WARN	Deprecated preference marionette.defaultPrefs.enabled detected, please use marionette.enabled
1508843237549	Marionette	INFO	Listening on port 59751
1508843238617	Marionette	WARN	TLS certificate errors will be ignored for this session
1508843276420	Marionette	INFO	Ceased listening
1508843294575	geckodriver	INFO	Listening on 127.0.0.1:59813
1508843296601	mozprofile::profile	INFO	Using profile path C:\Users\IN02040\AppData\Local\Temp\rust_mozprofile.GSiONiy7W0rw
1508843296624	geckodriver::marionette	INFO	Starting browser C:\Program Files\Mozilla Firefox\firefox.exe
1508843296651	geckodriver::marionette	INFO	Connecting to Marionette on localhost:59819
1508843301033	Marionette	WARN	Deprecated preference marionette.defaultPrefs.enabled detected, please use marionette.enabled
1508843303674	Marionette	INFO	Listening on port 59819
1508843303975	Marionette	WARN	TLS certificate errors will be ignored for this session
1508843477549	Marionette	INFO	Ceased listening
1508846046349	geckodriver	INFO	Listening on 127.0.0.1:61387
1508846048505	mozprofile::profile	INFO	Using profile path C:\Users\IN02040\AppData\Local\Temp\rust_mozprofile.04xHYw2GPWuD
1508846048602	geckodriver::marionette	INFO	Starting browser C:\Program Files\Mozilla Firefox\firefox.exe
1508846048796	geckodriver::marionette	INFO	Connecting to Marionette on localhost:61393
1508846056109	Marionette	WARN	Deprecated preference marionette.defaultPrefs.enabled detected, please use marionette.enabled
1508846064560	Marionette	INFO	Listening on port 61393
1508846065057	Marionette	WARN	TLS certificate errors will be ignored for this session
1508846106432	Marionette	INFO	Ceased listening
1508846138045	geckodriver	INFO	Listening on 127.0.0.1:61471
1508846140241	mozprofile::profile	INFO	Using profile path C:\Users\IN02040\AppData\Local\Temp\rust_mozprofile.ZWRtqaynrfg4
1508846140285	geckodriver::marionette	INFO	Starting browser C:\Program Files\Mozilla Firefox\firefox.exe
1508846140321	geckodriver::marionette	INFO	Connecting to Marionette on localhost:61477
1508846140940	Marionette	WARN	Deprecated preference marionette.defaultPrefs.enabled detected, please use marionette.enabled
1508846144475	Marionette	INFO	Listening on port 61477
1508846145532	Marionette	WARN	TLS certificate errors will be ignored for this session
*************************
A coding exception was thrown and uncaught in a Task.

Full message: TypeError: NetworkError when attempting to fetch resource.
Full stack: 
*************************
1508848604177	Marionette	INFO	Ceased listening
0.0.1:62677
1508848588060	mozprofile::profile	INFO	Using profile path C:\Users\IN02040\AppData\Local\Temp\rust_mozprofile.p71YyGa4WI7X
1508848588106	geckodriver::marionette	INFO	Starting browser C:\Program Files\Mozilla Firefox\firefox.exe
1508848588178	geckodriver::marionette	INFO	Connecting to Marionette on localhost:62687
1508848600986	Marionette	WARN	Deprecated preference marionette.defaultPrefs.enabled detected, please use marionette.enabled
1508848605182	Marionette	INFO	Listening on port 62687
1508848605988	Marionette	WARN	TLS certificate errors will be ignored for this session
1508848771941	Marionette	INFO	Ceased listening
1508848987973	geckodriver	INFO	Listening on 127.0.0.1:63225
1508848989967	mozprofile::profile	INFO	Using profile path C:\Users\IN02040\AppData\Local\Temp\rust_mozprofile.cbOv2OWFkJn6
1508848989993	geckodriver::marionette	INFO	Starting browser C:\Program Files\Mozilla Firefox\firefox.exe
1508848990019	geckodriver::marionette	INFO	Connecting to Marionette on localhost:63231
1508848992269	Marionette	WARN	Deprecated preference marionette.defaultPrefs.enabled detected, please use marionette.enabled
1508848994774	Marionette	INFO	Listening on port 63231
1508848995231	Marionette	WARN	TLS certificate errors will be ignored for this session
1508849004844	Marionette	INFO	Ceased listening
1508849020345	geckodriver	INFO	Listening on 127.0.0.1:63281
1508849022392	mozprofile::profile	INFO	Using profile path C:\Users\IN02040\AppData\Local\Temp\rust_mozprofile.DeWL3zJ0Aot7
1508849022431	geckodriver::marionette	INFO	Starting browser C:\Program Files\Mozilla Firefox\firefox.exe
1508849022462	geckodriver::marionette	INFO	Connecting to Marionette on localhost:63287
1508849023671	Marionette	WARN	Deprecated preference marionette.defaultPrefs.enabled detected, please use marionette.enabled
1508849026537	Marionette	INFO	Listening on port 63287
1508849026805	Marionette	WARN	TLS certificate errors will be ignored for this session
1508849093312	Marionette	INFO	Ceased listening
1508849100246	geckodriver	INFO	Listening on 127.0.0.1:63369
1508849102300	mozprofile::profile	INFO	Using profile path C:\Users\IN02040\AppData\Local\Temp\rust_mozprofile.ahYdgNCpbA4y
1508849102315	geckodriver::marionette	INFO	Starting browser C:\Program Files\Mozilla Firefox\firefox.exe
1508849102334	geckodriver::marionette	INFO	Connecting to Marionette on localhost:63375
1508849104037	Marionette	WARN	Deprecated preference marionette.defaultPrefs.enabled detected, please use marionette.enabled
1508849106541	Marionette	INFO	Listening on port 63375
1508849107541	Marionette	WARN	TLS certificate errors will be ignored for this session
1508849141475	Marionette	INFO	Ceased listening
1508849144577	geckodriver	INFO	Listening on 127.0.0.1:63429
1508849146605	mozprofile::profile	INFO	Using profile path C:\Users\IN02040\AppData\Local\Temp\rust_mozprofile.ymEj6C9dZNJi
1508849146611	geckodriver::marionette	INFO	Starting browser C:\Program Files\Mozilla Firefox\firefox.exe
1508849146651	geckodriver::marionette	INFO	Connecting to Marionette on localhost:63435
1508849148759	Marionette	WARN	Deprecated preference marionette.defaultPrefs.enabled detected, please use marionette.enabled
1508849151179	Marionette	INFO	Listening on port 63435
1508849151862	Marionette	WARN	TLS certificate errors will be ignored for this session
1508849169337	Marionette	INFO	Ceased listening
1508849172094	geckodriver	INFO	Listening on 127.0.0.1:63493
1508849174179	mozprofile::profile	INFO	Using profile path C:\Users\IN02040\AppData\Local\Temp\rust_mozprofile.UhE6Vr5s92FL
1508849174211	geckodriver::marionette	INFO	Starting browser C:\Program Files\Mozilla Firefox\firefox.exe
1508849174230	geckodriver::marionette	INFO	Connecting to Marionette on localhost:63500
1508849176641	Marionette	WARN	Deprecated preference marionette.defaultPrefs.enabled detected, please use marionette.enabled
1508849179153	Marionette	INFO	Listening on port 63500
1508849179644	Marionette	WARN	TLS certificate errors will be ignored for this session
1508849232501	Marionette	INFO	Ceased listening
1508849344389	geckodriver	INFO	Listening on 127.0.0.1:63634
1508849346408	mozprofile::profile	INFO	Using profile path C:\Users\IN02040\AppData\Local\Temp\rust_mozprofile.DoewTAv9kWNL
1508849346415	geckodriver::marionette	INFO	Starting browser C:\Program Files\Mozilla Firefox\firefox.exe
1508849346436	geckodriver::marionette	INFO	Connecting to Marionette on localhost:63640
1508849348588	Marionette	WARN	Deprecated preference marionette.defaultPrefs.enabled detected, please use marionette.enabled
1508849351085	Marionette	INFO	Listening on port 63640
1508849351642	Marionette	WARN	TLS certificate errors will be ignored for this session
1508849714484	Marionette	INFO	Ceased listening
1508849723089	geckodriver	INFO	Listening on 127.0.0.1:63889
1508849725107	mozprofile::profile	INFO	Using profile path C:\Users\IN02040\AppData\Local\Temp\rust_mozprofile.XsUwN0IaOCs6
1508849725114	geckodriver::marionette	INFO	Starting browser C:\Program Files\Mozilla Firefox\firefox.exe
1508849725136	geckodriver::marionette	INFO	Connecting to Marionette on localhost:63895
1508849727241	Marionette	WARN	Deprecated preference marionette.defaultPrefs.enabled detected, please use marionette.enabled
1508849729716	Marionette	INFO	Listening on port 63895
1508849730347	Marionette	WARN	TLS certificate errors will be ignored for this session
1508849922177	Marionette	INFO	Ceased listening
1508849951126	geckodriver	INFO	Listening on 127.0.0.1:64133
1508849953169	mozprofile::profile	INFO	Using profile path C:\Users\IN02040\AppData\Local\Temp\rust_mozprofile.NxHn6Ep6Dszt
1508849953201	geckodriver::marionette	INFO	Starting browser C:\Program Files\Mozilla Firefox\firefox.exe
1508849953218	geckodriver::marionette	INFO	Connecting to Marionette on localhost:64139
1508849955687	Marionette	WARN	Deprecated preference marionette.defaultPrefs.enabled detected, please use marionette.enabled
1508849958464	Marionette	INFO	Listening on port 64139
1508849958951	Marionette	WARN	TLS certificate errors will be ignored for this session
1508849981057	Marionette	INFO	Ceased listening
1508850366463	geckodriver	INFO	geckodriver 0.19.0
1508850366497	geckodriver	INFO	Listening on 127.0.0.1:64520
1508850368662	mozrunner::runner	INFO	Running command: "C:\\Program Files\\Mozilla Firefox\\firefox.exe" "-marionette" "-profile" "C:\\Users\\IN02040\\AppData\\Local\\Temp\\rust_mozprofile.wXb4AanvMeks"
1508850372910	Marionette	INFO	Listening on port 64526
1508850373869	Marionette	WARN	TLS certificate errors will be ignored for this session
JavaScript error: resource://gre/components/nsUrlClassifierListManager.js, line 287: NS_ERROR_NOT_INITIALIZED: Component returned failure code: 0xc1f30001 (NS_ERROR_NOT_INITIALIZED) [nsIUrlClassifierDBService.getTables]
JavaScript error: resource://gre/components/nsUrlClassifierListManager.js, line 287: NS_ERROR_NOT_INITIALIZED: Component returned failure code: 0xc1f30001 (NS_ERROR_NOT_INITIALIZED) [nsIUrlClassifierDBService.getTables]
1508850430407	Marionette	INFO	Ceased listening
1508850721005	geckodriver	INFO	geckodriver 0.19.0
1508850721011	geckodriver	INFO	Listening on 127.0.0.1:64741
1508850723102	mozrunner::runner	INFO	Running command: "C:\\Program Files\\Mozilla Firefox\\firefox.exe" "-marionette" "-profile" "C:\\Users\\IN02040\\AppData\\Local\\Temp\\rust_mozprofile.vBn3rBPLMgCy"
1508850726618	Marionette	INFO	Listening on port 64747
1508850726867	Marionette	WARN	TLS certificate errors will be ignored for this session
JavaScript error: resource://gre/components/nsUrlClassifierListManager.js, line 287: NS_ERROR_NOT_INITIALIZED: Component returned failure code: 0xc1f30001 (NS_ERROR_NOT_INITIALIZED) [nsIUrlClassifierDBService.getTables]
JavaScript error: resource://gre/components/nsUrlClassifierListManager.js, line 287: NS_ERROR_NOT_INITIALIZED: Component returned failure code: 0xc1f30001 (NS_ERROR_NOT_INITIALIZED) [nsIUrlClassifierDBService.getTables]
1508850746067	Marionette	INFO	Ceased listening
1508850748214	geckodriver	INFO	geckodriver 0.19.0
1508850748220	geckodriver	INFO	Listening on 127.0.0.1:64797
1508850750333	mozrunner::runner	INFO	Running command: "C:\\Program Files\\Mozilla Firefox\\firefox.exe" "-marionette" "-profile" "C:\\Users\\IN02040\\AppData\\Local\\Temp\\rust_mozprofile.DfykohgYJLmz"
1508850753365	Marionette	INFO	Listening on port 64803
1508850753682	Marionette	WARN	TLS certificate errors will be ignored for this session
JavaScript error: resource://gre/components/nsUrlClassifierListManager.js, line 287: NS_ERROR_NOT_INITIALIZED: Component returned failure code: 0xc1f30001 (NS_ERROR_NOT_INITIALIZED) [nsIUrlClassifierDBService.getTables]
JavaScript error: resource://gre/components/nsUrlClassifierListManager.js, line 287: NS_ERROR_NOT_INITIALIZED: Component returned failure code: 0xc1f30001 (NS_ERROR_NOT_INITIALIZED) [nsIUrlClassifierDBService.getTables]
1508850763500	Marionette	INFO	Ceased listening
1508850903850	geckodriver	INFO	geckodriver 0.19.0
1508850903857	geckodriver	INFO	Listening on 127.0.0.1:64911
1508850905903	mozrunner::runner	INFO	Running command: "C:\\Program Files\\Mozilla Firefox\\firefox.exe" "-marionette" "-profile" "C:\\Users\\IN02040\\AppData\\Local\\Temp\\rust_mozprofile.Ke4YANNbry8W"
1508850908968	Marionette	INFO	Listening on port 64917
1508850909333	Marionette	WARN	TLS certificate errors will be ignored for this session
JavaScript error: resource://gre/components/nsUrlClassifierListManager.js, line 287: NS_ERROR_NOT_INITIALIZED: Component returned failure code: 0xc1f30001 (NS_ERROR_NOT_INITIALIZED) [nsIUrlClassifierDBService.getTables]
JavaScript error: resource://gre/components/nsUrlClassifierListManager.js, line 287: NS_ERROR_NOT_INITIALIZED: Component returned failure code: 0xc1f30001 (NS_ERROR_NOT_INITIALIZED) [nsIUrlClassifierDBService.getTables]
1508850957664	Marionette	INFO	Ceased listening
1508850958869	geckodriver	INFO	geckodriver 0.19.0
1508850958875	geckodriver	INFO	Listening on 127.0.0.1:64972
1508850960930	mozrunner::runner	INFO	Running command: "C:\\Program Files\\Mozilla Firefox\\firefox.exe" "-marionette" "-profile" "C:\\Users\\IN02040\\AppData\\Local\\Temp\\rust_mozprofile.CYPqFmv6gQ7w"
1508850963865	Marionette	INFO	Listening on port 64978
1508850964128	Marionette	WARN	TLS certificate errors will be ignored for this session
JavaScript error: resource://gre/components/nsUrlClassifierListManager.js, line 287: NS_ERROR_NOT_INITIALIZED: Component returned failure code: 0xc1f30001 (NS_ERROR_NOT_INITIALIZED) [nsIUrlClassifierDBService.getTables]
JavaScript error: resource://gre/components/nsUrlClassifierListManager.js, line 287: NS_ERROR_NOT_INITIALIZED: Component returned failure code: 0xc1f30001 (NS_ERROR_NOT_INITIALIZED) [nsIUrlClassifierDBService.getTables]
1508851017130	Marionette	INFO	Ceased listening
1508851109141	geckodriver	INFO	geckodriver 0.19.0
1508851109148	geckodriver	INFO	Listening on 127.0.0.1:65523
1508851111239	mozrunner::runner	INFO	Running command: "C:\\Program Files\\Mozilla Firefox\\firefox.exe" "-marionette" "-profile" "C:\\Users\\IN02040\\AppData\\Local\\Temp\\rust_mozprofile.MfyZX6BCjpDD"
1508851127778	Marionette	INFO	Listening on port 65529
1508851128251	Marionette	WARN	TLS certificate errors will be ignored for this session
JavaScript error: resource://gre/components/nsUrlClassifierListManager.js, line 287: NS_ERROR_NOT_INITIALIZED: Component returned failure code: 0xc1f30001 (NS_ERROR_NOT_INITIALIZED) [nsIUrlClassifierDBService.getTables]
JavaScript error: resource://gre/components/nsUrlClassifierListManager.js, line 287: NS_ERROR_NOT_INITIALIZED: Component returned failure code: 0xc1f30001 (NS_ERROR_NOT_INITIALIZED) [nsIUrlClassifierDBService.getTables]
1508851386564	Marionette	INFO	Ceased listening
1508851425968	geckodriver	INFO	geckodriver 0.19.0
1508851425975	geckodriver	INFO	Listening on 127.0.0.1:50470
1508851428028	mozrunner::runner	INFO	Running command: "C:\\Program Files\\Mozilla Firefox\\firefox.exe" "-marionette" "-profile" "C:\\Users\\IN02040\\AppData\\Local\\Temp\\rust_mozprofile.PFrmz2okt0FY"
1508851433356	Marionette	INFO	Listening on port 50483
1508851434107	Marionette	WARN	TLS certificate errors will be ignored for this session
JavaScript error: resource://gre/components/nsUrlClassifierListManager.js, line 287: NS_ERROR_NOT_INITIALIZED: Component returned failure code: 0xc1f30001 (NS_ERROR_NOT_INITIALIZED) [nsIUrlClassifierDBService.getTables]
JavaScript error: resource://gre/components/nsUrlClassifierListManager.js, line 287: NS_ERROR_NOT_INITIALIZED: Component returned failure code: 0xc1f30001 (NS_ERROR_NOT_INITIALIZED) [nsIUrlClassifierDBService.getTables]
1508851477152	Marionette	INFO	Ceased listening
1508851484376	geckodriver::marionette	ERROR	Failed to kill browser process
1508851507452	geckodriver	INFO	geckodriver 0.19.0
1508851507458	geckodriver	INFO	Listening on 127.0.0.1:51208
1508851509543	mozrunner::runner	INFO	Running command: "C:\\Program Files\\Mozilla Firefox\\firefox.exe" "-marionette" "-profile" "C:\\Users\\IN02040\\AppData\\Local\\Temp\\rust_mozprofile.vjYeaZzQrCwO"
1508851514929	Marionette	INFO	Listening on port 51231
1508851515411	Marionette	WARN	TLS certificate errors will be ignored for this session
1508852553592	geckodriver	INFO	geckodriver 0.19.0
1508852553624	geckodriver	INFO	Listening on 127.0.0.1:54707
1508852556472	mozrunner::runner	INFO	Running command: "C:\\Program Files\\Mozilla Firefox\\firefox.exe" "-marionette" "-profile" "C:\\Users\\IN02040\\AppData\\Local\\Temp\\rust_mozprofile.6zCdoHTM0X1j"
1508852569120	Marionette	INFO	Listening on port 54715
1508852570655	Marionette	WARN	TLS certificate errors will be ignored for this session
JavaScript error: resource://gre/components/nsUrlClassifierListManager.js, line 287: NS_ERROR_NOT_INITIALIZED: Component returned failure code: 0xc1f30001 (NS_ERROR_NOT_INITIALIZED) [nsIUrlClassifierDBService.getTables]
JavaScript error: resource://gre/components/nsUrlClassifierListManager.js, line 287: NS_ERROR_NOT_INITIALIZED: Component returned failure code: 0xc1f30001 (NS_ERROR_NOT_INITIALIZED) [nsIUrlClassifierDBService.getTables]
1508852653077	Marionette	INFO	Ceased listening
1508852655128	geckodriver	INFO	geckodriver 0.19.0
1508852655134	geckodriver	INFO	Listening on 127.0.0.1:54879
1508852657189	mozrunner::runner	INFO	Running command: "C:\\Program Files\\Mozilla Firefox\\firefox.exe" "-marionette" "-profile" "C:\\Users\\IN02040\\AppData\\Local\\Temp\\rust_mozprofile.R7d1GQ1a1RCp"
1508852661823	Marionette	INFO	Listening on port 54885
1508852662466	Marionette	WARN	TLS certificate errors will be ignored for this session
JavaScript error: resource://gre/components/nsUrlClassifierListManager.js, line 287: NS_ERROR_NOT_INITIALIZED: Component returned failure code: 0xc1f30001 (NS_ERROR_NOT_INITIALIZED) [nsIUrlClassifierDBService.getTables]
JavaScript error: resource://gre/components/nsUrlClassifierListManager.js, line 287: NS_ERROR_NOT_INITIALIZED: Component returned failure code: 0xc1f30001 (NS_ERROR_NOT_INITIALIZED) [nsIUrlClassifierDBService.getTables]
1508852693695	Marionette	INFO	Ceased listening
